<?xml version="1.0" encoding="UTF-8"?>
<!-- Generated by org.testng.reporters.JUnitReportReporter -->
<testsuite skipped="0" hostname="DESKTOP-0D17KRD" name="testcases.Test_PostRequest" tests="1" failures="0" timestamp="2020-07-28T15:10:39 PKT" time="6.101" errors="0">
  <testcase name="testAPI" time="6.101" classname="testcases.Test_PostRequest"/>
  <system-out/>
</testsuite> <!-- testcases.Test_PostRequest -->
