<?xml version="1.0" encoding="UTF-8"?>
<!-- Generated by org.testng.reporters.JUnitReportReporter -->
<testsuite skipped="0" hostname="DESKTOP-0D17KRD" name="datadriventestcases.Test_DeleteRequest" tests="4" failures="0" timestamp="2020-07-28T17:12:42 PKT" time="8.968" errors="0">
  <testcase name="testAPI" time="3.544" classname="datadriventestcases.Test_DeleteRequest"/>
  <system-out/>
  <testcase name="testAPI" time="1.814" classname="datadriventestcases.Test_DeleteRequest"/>
  <system-out/>
  <testcase name="testAPI" time="1.816" classname="datadriventestcases.Test_DeleteRequest"/>
  <system-out/>
  <testcase name="testAPI2" time="1.794" classname="datadriventestcases.Test_DeleteRequest"/>
  <system-out/>
</testsuite> <!-- datadriventestcases.Test_DeleteRequest -->
