<?xml version="1.0" encoding="UTF-8"?>
<!-- Generated by org.testng.reporters.JUnitReportReporter -->
<testsuite skipped="0" hostname="DESKTOP-0D17KRD" name="testcases.GETRequestTest" tests="2" failures="0" timestamp="2020-08-03T16:12:34 PKT" time="7.588" errors="0">
  <testcase name="getAPI" time="4.740" classname="testcases.GETRequestTest"/>
  <system-out/>
  <testcase name="resultAPI" time="2.848" classname="testcases.GETRequestTest"/>
  <system-out/>
</testsuite> <!-- testcases.GETRequestTest -->
