<?xml version="1.0" encoding="UTF-8"?>
<!-- Generated by org.testng.reporters.JUnitReportReporter -->
<testsuite skipped="0" hostname="DESKTOP-0D17KRD" name="testcases.GETRequestTest" tests="2" failures="0" timestamp="2020-07-28T13:27:36 PKT" time="6.011" errors="0">
  <testcase name="getAPI" time="3.452" classname="testcases.GETRequestTest"/>
  <system-out/>
  <testcase name="resultAPI" time="2.559" classname="testcases.GETRequestTest"/>
  <system-out/>
</testsuite> <!-- testcases.GETRequestTest -->
