<?xml version="1.0" encoding="UTF-8"?>
<!-- Generated by org.testng.reporters.JUnitReportReporter -->
<testsuite skipped="0" hostname="DESKTOP-0D17KRD" name="testcases.Test_GetRequest" tests="1" failures="0" timestamp="2020-07-28T14:33:19 PKT" time="5.629" errors="0">
  <testcase name="testAPI" time="5.629" classname="testcases.Test_GetRequest"/>
  <system-out/>
</testsuite> <!-- testcases.Test_GetRequest -->
