<?xml version="1.0" encoding="UTF-8"?>
<!-- Generated by org.testng.reporters.JUnitReportReporter -->
<testsuite skipped="0" hostname="DESKTOP-0D17KRD" name="testcases.Test_PutRequest" tests="1" failures="0" timestamp="2020-07-28T15:20:21 PKT" time="5.140" errors="0">
  <testcase name="testAPI" time="5.140" classname="testcases.Test_PutRequest"/>
  <system-out/>
</testsuite> <!-- testcases.Test_PutRequest -->
